Analysis & Synthesis report for vga
Sun Oct 05 17:35:43 2014
Quartus II 32-bit Version 13.0.1 Build 232 06/12/2013 Service Pack 1 SJ Web Edition


---------------------
; Table of Contents ;
---------------------
  1. Legal Notice
  2. Analysis & Synthesis Summary
  3. Analysis & Synthesis Settings
  4. Parallel Compilation
  5. Analysis & Synthesis Source Files Read
  6. Analysis & Synthesis Resource Usage Summary
  7. Analysis & Synthesis Resource Utilization by Entity
  8. Analysis & Synthesis RAM Summary
  9. Analysis & Synthesis IP Cores Summary
 10. Registers Removed During Synthesis
 11. General Register Statistics
 12. Multiplexer Restructuring Statistics (Restructuring Performed)
 13. Source assignments for MEM:M1|altsyncram:altsyncram_component|altsyncram_p5c1:auto_generated
 14. Parameter Settings for User Entity Instance: MEM:M1|altsyncram:altsyncram_component
 15. Parameter Settings for Inferred Entity Instance: lpm_mult:Mult0
 16. altsyncram Parameter Settings by Entity Instance
 17. lpm_mult Parameter Settings by Entity Instance
 18. Port Connectivity Checks: "MEM:M1"
 19. Elapsed Time Per Partition
 20. Analysis & Synthesis Messages



----------------
; Legal Notice ;
----------------
Copyright (C) 1991-2013 Altera Corporation
Your use of Altera Corporation's design tools, logic functions 
and other software and tools, and its AMPP partner logic 
functions, and any output files from any of the foregoing 
(including device programming or simulation files), and any 
associated documentation or information are expressly subject 
to the terms and conditions of the Altera Program License 
Subscription Agreement, Altera MegaCore Function License 
Agreement, or other applicable license agreement, including, 
without limitation, that your use is for the sole purpose of 
programming logic devices manufactured by Altera and sold by 
Altera or its authorized distributors.  Please refer to the 
applicable agreement for further details.



+--------------------------------------------------------------------------------------+
; Analysis & Synthesis Summary                                                         ;
+------------------------------------+-------------------------------------------------+
; Analysis & Synthesis Status        ; Successful - Sun Oct 05 17:35:43 2014           ;
; Quartus II 32-bit Version          ; 13.0.1 Build 232 06/12/2013 SP 1 SJ Web Edition ;
; Revision Name                      ; vga                                             ;
; Top-level Entity Name              ; vga                                             ;
; Family                             ; Cyclone II                                      ;
; Total logic elements               ; 334                                             ;
;     Total combinational functions  ; 310                                             ;
;     Dedicated logic registers      ; 67                                              ;
; Total registers                    ; 67                                              ;
; Total pins                         ; 55                                              ;
; Total virtual pins                 ; 0                                               ;
; Total memory bits                  ; 422,400                                         ;
; Embedded Multiplier 9-bit elements ; 0                                               ;
; Total PLLs                         ; 0                                               ;
+------------------------------------+-------------------------------------------------+


+----------------------------------------------------------------------------------------------------------------------+
; Analysis & Synthesis Settings                                                                                        ;
+----------------------------------------------------------------------------+--------------------+--------------------+
; Option                                                                     ; Setting            ; Default Value      ;
+----------------------------------------------------------------------------+--------------------+--------------------+
; Device                                                                     ; EP2C35F672C6       ;                    ;
; Top-level entity name                                                      ; vga                ; vga                ;
; Family name                                                                ; Cyclone II         ; Cyclone IV GX      ;
; Use smart compilation                                                      ; Off                ; Off                ;
; Enable parallel Assembler and TimeQuest Timing Analyzer during compilation ; On                 ; On                 ;
; Enable compact report table                                                ; Off                ; Off                ;
; Restructure Multiplexers                                                   ; Auto               ; Auto               ;
; Create Debugging Nodes for IP Cores                                        ; Off                ; Off                ;
; Preserve fewer node names                                                  ; On                 ; On                 ;
; Disable OpenCore Plus hardware evaluation                                  ; Off                ; Off                ;
; Verilog Version                                                            ; Verilog_2001       ; Verilog_2001       ;
; VHDL Version                                                               ; VHDL_1993          ; VHDL_1993          ;
; State Machine Processing                                                   ; Auto               ; Auto               ;
; Safe State Machine                                                         ; Off                ; Off                ;
; Extract Verilog State Machines                                             ; On                 ; On                 ;
; Extract VHDL State Machines                                                ; On                 ; On                 ;
; Ignore Verilog initial constructs                                          ; Off                ; Off                ;
; Iteration limit for constant Verilog loops                                 ; 5000               ; 5000               ;
; Iteration limit for non-constant Verilog loops                             ; 250                ; 250                ;
; Add Pass-Through Logic to Inferred RAMs                                    ; On                 ; On                 ;
; Infer RAMs from Raw Logic                                                  ; On                 ; On                 ;
; Parallel Synthesis                                                         ; On                 ; On                 ;
; DSP Block Balancing                                                        ; Auto               ; Auto               ;
; NOT Gate Push-Back                                                         ; On                 ; On                 ;
; Power-Up Don't Care                                                        ; On                 ; On                 ;
; Remove Redundant Logic Cells                                               ; Off                ; Off                ;
; Remove Duplicate Registers                                                 ; On                 ; On                 ;
; Ignore CARRY Buffers                                                       ; Off                ; Off                ;
; Ignore CASCADE Buffers                                                     ; Off                ; Off                ;
; Ignore GLOBAL Buffers                                                      ; Off                ; Off                ;
; Ignore ROW GLOBAL Buffers                                                  ; Off                ; Off                ;
; Ignore LCELL Buffers                                                       ; Off                ; Off                ;
; Ignore SOFT Buffers                                                        ; On                 ; On                 ;
; Limit AHDL Integers to 32 Bits                                             ; Off                ; Off                ;
; Optimization Technique                                                     ; Balanced           ; Balanced           ;
; Carry Chain Length                                                         ; 70                 ; 70                 ;
; Auto Carry Chains                                                          ; On                 ; On                 ;
; Auto Open-Drain Pins                                                       ; On                 ; On                 ;
; Perform WYSIWYG Primitive Resynthesis                                      ; Off                ; Off                ;
; Auto ROM Replacement                                                       ; On                 ; On                 ;
; Auto RAM Replacement                                                       ; On                 ; On                 ;
; Auto Shift Register Replacement                                            ; Auto               ; Auto               ;
; Allow Shift Register Merging across Hierarchies                            ; Auto               ; Auto               ;
; Auto Clock Enable Replacement                                              ; On                 ; On                 ;
; Strict RAM Replacement                                                     ; Off                ; Off                ;
; Allow Synchronous Control Signals                                          ; On                 ; On                 ;
; Force Use of Synchronous Clear Signals                                     ; Off                ; Off                ;
; Auto RAM to Logic Cell Conversion                                          ; Off                ; Off                ;
; Auto Resource Sharing                                                      ; Off                ; Off                ;
; Allow Any RAM Size For Recognition                                         ; Off                ; Off                ;
; Allow Any ROM Size For Recognition                                         ; Off                ; Off                ;
; Allow Any Shift Register Size For Recognition                              ; Off                ; Off                ;
; Use LogicLock Constraints during Resource Balancing                        ; On                 ; On                 ;
; Ignore translate_off and synthesis_off directives                          ; Off                ; Off                ;
; Timing-Driven Synthesis                                                    ; Off                ; Off                ;
; Report Parameter Settings                                                  ; On                 ; On                 ;
; Report Source Assignments                                                  ; On                 ; On                 ;
; Report Connectivity Checks                                                 ; On                 ; On                 ;
; Ignore Maximum Fan-Out Assignments                                         ; Off                ; Off                ;
; Synchronization Register Chain Length                                      ; 2                  ; 2                  ;
; PowerPlay Power Optimization                                               ; Normal compilation ; Normal compilation ;
; HDL message level                                                          ; Level2             ; Level2             ;
; Suppress Register Optimization Related Messages                            ; Off                ; Off                ;
; Number of Removed Registers Reported in Synthesis Report                   ; 5000               ; 5000               ;
; Number of Swept Nodes Reported in Synthesis Report                         ; 5000               ; 5000               ;
; Number of Inverted Registers Reported in Synthesis Report                  ; 100                ; 100                ;
; Clock MUX Protection                                                       ; On                 ; On                 ;
; Auto Gated Clock Conversion                                                ; Off                ; Off                ;
; Block Design Naming                                                        ; Auto               ; Auto               ;
; SDC constraint protection                                                  ; Off                ; Off                ;
; Synthesis Effort                                                           ; Auto               ; Auto               ;
; Shift Register Replacement - Allow Asynchronous Clear Signal               ; On                 ; On                 ;
; Pre-Mapping Resynthesis Optimization                                       ; Off                ; Off                ;
; Analysis & Synthesis Message Level                                         ; Medium             ; Medium             ;
; Disable Register Merging Across Hierarchies                                ; Auto               ; Auto               ;
; Resource Aware Inference For Block RAM                                     ; On                 ; On                 ;
; Synthesis Seed                                                             ; 1                  ; 1                  ;
+----------------------------------------------------------------------------+--------------------+--------------------+


Parallel compilation was disabled, but you have multiple processors available. Enable parallel compilation to reduce compilation time.
+-------------------------------------+
; Parallel Compilation                ;
+----------------------------+--------+
; Processors                 ; Number ;
+----------------------------+--------+
; Number detected on machine ; 2      ;
; Maximum allowed            ; 1      ;
+----------------------------+--------+


+-----------------------------------------------------------------------------------------------------------------------------------------------------------------------------------+
; Analysis & Synthesis Source Files Read                                                                                                                                            ;
+----------------------------------+-----------------+----------------------------------------+---------------------------------------------------------------------------+---------+
; File Name with User-Entered Path ; Used in Netlist ; File Type                              ; File Name with Absolute Path                                              ; Library ;
+----------------------------------+-----------------+----------------------------------------+---------------------------------------------------------------------------+---------+
; MEM.v                            ; yes             ; User Wizard-Generated File             ; C:/Users/Vinicius/Downloads/OC2/TP2/MEM.v                                 ;         ;
; vga.v                            ; yes             ; Auto-Found Verilog HDL File            ; C:/Users/Vinicius/Downloads/OC2/TP2/vga.v                                 ;         ;
; altsyncram.tdf                   ; yes             ; Megafunction                           ; c:/altera/13.0sp1/quartus/libraries/megafunctions/altsyncram.tdf          ;         ;
; stratix_ram_block.inc            ; yes             ; Megafunction                           ; c:/altera/13.0sp1/quartus/libraries/megafunctions/stratix_ram_block.inc   ;         ;
; lpm_mux.inc                      ; yes             ; Megafunction                           ; c:/altera/13.0sp1/quartus/libraries/megafunctions/lpm_mux.inc             ;         ;
; lpm_decode.inc                   ; yes             ; Megafunction                           ; c:/altera/13.0sp1/quartus/libraries/megafunctions/lpm_decode.inc          ;         ;
; aglobal130.inc                   ; yes             ; Megafunction                           ; c:/altera/13.0sp1/quartus/libraries/megafunctions/aglobal130.inc          ;         ;
; a_rdenreg.inc                    ; yes             ; Megafunction                           ; c:/altera/13.0sp1/quartus/libraries/megafunctions/a_rdenreg.inc           ;         ;
; altrom.inc                       ; yes             ; Megafunction                           ; c:/altera/13.0sp1/quartus/libraries/megafunctions/altrom.inc              ;         ;
; altram.inc                       ; yes             ; Megafunction                           ; c:/altera/13.0sp1/quartus/libraries/megafunctions/altram.inc              ;         ;
; altdpram.inc                     ; yes             ; Megafunction                           ; c:/altera/13.0sp1/quartus/libraries/megafunctions/altdpram.inc            ;         ;
; db/altsyncram_p5c1.tdf           ; yes             ; Auto-Generated Megafunction            ; C:/Users/Vinicius/Downloads/OC2/TP2/db/altsyncram_p5c1.tdf                ;         ;
; tela.mif                         ; yes             ; Auto-Found Memory Initialization File  ; C:/Users/Vinicius/Downloads/OC2/TP2/tela.mif                              ;         ;
; db/decode_ara.tdf                ; yes             ; Auto-Generated Megafunction            ; C:/Users/Vinicius/Downloads/OC2/TP2/db/decode_ara.tdf                     ;         ;
; db/mux_jlb.tdf                   ; yes             ; Auto-Generated Megafunction            ; C:/Users/Vinicius/Downloads/OC2/TP2/db/mux_jlb.tdf                        ;         ;
; lpm_mult.tdf                     ; yes             ; Megafunction                           ; c:/altera/13.0sp1/quartus/libraries/megafunctions/lpm_mult.tdf            ;         ;
; lpm_add_sub.inc                  ; yes             ; Megafunction                           ; c:/altera/13.0sp1/quartus/libraries/megafunctions/lpm_add_sub.inc         ;         ;
; multcore.inc                     ; yes             ; Megafunction                           ; c:/altera/13.0sp1/quartus/libraries/megafunctions/multcore.inc            ;         ;
; bypassff.inc                     ; yes             ; Megafunction                           ; c:/altera/13.0sp1/quartus/libraries/megafunctions/bypassff.inc            ;         ;
; altshift.inc                     ; yes             ; Megafunction                           ; c:/altera/13.0sp1/quartus/libraries/megafunctions/altshift.inc            ;         ;
; multcore.tdf                     ; yes             ; Megafunction                           ; c:/altera/13.0sp1/quartus/libraries/megafunctions/multcore.tdf            ;         ;
; csa_add.inc                      ; yes             ; Megafunction                           ; c:/altera/13.0sp1/quartus/libraries/megafunctions/csa_add.inc             ;         ;
; mpar_add.inc                     ; yes             ; Megafunction                           ; c:/altera/13.0sp1/quartus/libraries/megafunctions/mpar_add.inc            ;         ;
; muleabz.inc                      ; yes             ; Megafunction                           ; c:/altera/13.0sp1/quartus/libraries/megafunctions/muleabz.inc             ;         ;
; mul_lfrg.inc                     ; yes             ; Megafunction                           ; c:/altera/13.0sp1/quartus/libraries/megafunctions/mul_lfrg.inc            ;         ;
; mul_boothc.inc                   ; yes             ; Megafunction                           ; c:/altera/13.0sp1/quartus/libraries/megafunctions/mul_boothc.inc          ;         ;
; alt_ded_mult.inc                 ; yes             ; Megafunction                           ; c:/altera/13.0sp1/quartus/libraries/megafunctions/alt_ded_mult.inc        ;         ;
; alt_ded_mult_y.inc               ; yes             ; Megafunction                           ; c:/altera/13.0sp1/quartus/libraries/megafunctions/alt_ded_mult_y.inc      ;         ;
; dffpipe.inc                      ; yes             ; Megafunction                           ; c:/altera/13.0sp1/quartus/libraries/megafunctions/dffpipe.inc             ;         ;
; mpar_add.tdf                     ; yes             ; Megafunction                           ; c:/altera/13.0sp1/quartus/libraries/megafunctions/mpar_add.tdf            ;         ;
; lpm_add_sub.tdf                  ; yes             ; Megafunction                           ; c:/altera/13.0sp1/quartus/libraries/megafunctions/lpm_add_sub.tdf         ;         ;
; addcore.inc                      ; yes             ; Megafunction                           ; c:/altera/13.0sp1/quartus/libraries/megafunctions/addcore.inc             ;         ;
; look_add.inc                     ; yes             ; Megafunction                           ; c:/altera/13.0sp1/quartus/libraries/megafunctions/look_add.inc            ;         ;
; alt_stratix_add_sub.inc          ; yes             ; Megafunction                           ; c:/altera/13.0sp1/quartus/libraries/megafunctions/alt_stratix_add_sub.inc ;         ;
; db/add_sub_5ch.tdf               ; yes             ; Auto-Generated Megafunction            ; C:/Users/Vinicius/Downloads/OC2/TP2/db/add_sub_5ch.tdf                    ;         ;
; db/add_sub_9ch.tdf               ; yes             ; Auto-Generated Megafunction            ; C:/Users/Vinicius/Downloads/OC2/TP2/db/add_sub_9ch.tdf                    ;         ;
; altshift.tdf                     ; yes             ; Megafunction                           ; c:/altera/13.0sp1/quartus/libraries/megafunctions/altshift.tdf            ;         ;
+----------------------------------+-----------------+----------------------------------------+---------------------------------------------------------------------------+---------+


+--------------------------------------------------------------------------+
; Analysis & Synthesis Resource Usage Summary                              ;
+---------------------------------------------+----------------------------+
; Resource                                    ; Usage                      ;
+---------------------------------------------+----------------------------+
; Estimated Total logic elements              ; 334                        ;
;                                             ;                            ;
; Total combinational functions               ; 310                        ;
; Logic element usage by number of LUT inputs ;                            ;
;     -- 4 input functions                    ; 230                        ;
;     -- 3 input functions                    ; 33                         ;
;     -- <=2 input functions                  ; 47                         ;
;                                             ;                            ;
; Logic elements by mode                      ;                            ;
;     -- normal mode                          ; 266                        ;
;     -- arithmetic mode                      ; 44                         ;
;                                             ;                            ;
; Total registers                             ; 67                         ;
;     -- Dedicated logic registers            ; 67                         ;
;     -- I/O registers                        ; 0                          ;
;                                             ;                            ;
; I/O pins                                    ; 55                         ;
; Total memory bits                           ; 422400                     ;
; Embedded Multiplier 9-bit elements          ; 0                          ;
; Maximum fan-out node                        ; clockdiv:clk_50_to_25|q[0] ;
; Maximum fan-out                             ; 172                        ;
; Total fan-out                               ; 2850                       ;
; Average fan-out                             ; 5.32                       ;
+---------------------------------------------+----------------------------+


+---------------------------------------------------------------------------------------------------------------------------------------------------------------------------------------------------------------------------------------------------------------------------------------------------------+
; Analysis & Synthesis Resource Utilization by Entity                                                                                                                                                                                                                                                     ;
+------------------------------------------------+-------------------+--------------+-------------+--------------+---------+-----------+------+--------------+-----------------------------------------------------------------------------------------------------------------------------+--------------+
; Compilation Hierarchy Node                     ; LC Combinationals ; LC Registers ; Memory Bits ; DSP Elements ; DSP 9x9 ; DSP 18x18 ; Pins ; Virtual Pins ; Full Hierarchy Name                                                                                                         ; Library Name ;
+------------------------------------------------+-------------------+--------------+-------------+--------------+---------+-----------+------+--------------+-----------------------------------------------------------------------------------------------------------------------------+--------------+
; |vga                                           ; 310 (28)          ; 67 (30)      ; 422400      ; 0            ; 0       ; 0         ; 55   ; 0            ; |vga                                                                                                                        ; work         ;
;    |MEM:M1|                                    ; 203 (0)           ; 14 (0)       ; 422400      ; 0            ; 0       ; 0         ; 0    ; 0            ; |vga|MEM:M1                                                                                                                 ; work         ;
;       |altsyncram:altsyncram_component|        ; 203 (0)           ; 14 (0)       ; 422400      ; 0            ; 0       ; 0         ; 0    ; 0            ; |vga|MEM:M1|altsyncram:altsyncram_component                                                                                 ; work         ;
;          |altsyncram_p5c1:auto_generated|      ; 203 (0)           ; 14 (14)      ; 422400      ; 0            ; 0       ; 0         ; 0    ; 0            ; |vga|MEM:M1|altsyncram:altsyncram_component|altsyncram_p5c1:auto_generated                                                  ; work         ;
;             |decode_ara:deep_decode|           ; 122 (122)         ; 0 (0)        ; 0           ; 0            ; 0       ; 0         ; 0    ; 0            ; |vga|MEM:M1|altsyncram:altsyncram_component|altsyncram_p5c1:auto_generated|decode_ara:deep_decode                           ; work         ;
;             |mux_jlb:mux2|                     ; 81 (81)           ; 0 (0)        ; 0           ; 0            ; 0       ; 0         ; 0    ; 0            ; |vga|MEM:M1|altsyncram:altsyncram_component|altsyncram_p5c1:auto_generated|mux_jlb:mux2                                     ; work         ;
;    |clockdiv:clk_50_to_25|                     ; 1 (1)             ; 1 (1)        ; 0           ; 0            ; 0       ; 0         ; 0    ; 0            ; |vga|clockdiv:clk_50_to_25                                                                                                  ; work         ;
;    |lpm_mult:Mult0|                            ; 28 (0)            ; 0 (0)        ; 0           ; 0            ; 0       ; 0         ; 0    ; 0            ; |vga|lpm_mult:Mult0                                                                                                         ; work         ;
;       |multcore:mult_core|                     ; 28 (13)           ; 0 (0)        ; 0           ; 0            ; 0       ; 0         ; 0    ; 0            ; |vga|lpm_mult:Mult0|multcore:mult_core                                                                                      ; work         ;
;          |mpar_add:padder|                     ; 15 (0)            ; 0 (0)        ; 0           ; 0            ; 0       ; 0         ; 0    ; 0            ; |vga|lpm_mult:Mult0|multcore:mult_core|mpar_add:padder                                                                      ; work         ;
;             |lpm_add_sub:adder[0]|             ; 9 (0)             ; 0 (0)        ; 0           ; 0            ; 0       ; 0         ; 0    ; 0            ; |vga|lpm_mult:Mult0|multcore:mult_core|mpar_add:padder|lpm_add_sub:adder[0]                                                 ; work         ;
;                |add_sub_5ch:auto_generated|    ; 9 (9)             ; 0 (0)        ; 0           ; 0            ; 0       ; 0         ; 0    ; 0            ; |vga|lpm_mult:Mult0|multcore:mult_core|mpar_add:padder|lpm_add_sub:adder[0]|add_sub_5ch:auto_generated                      ; work         ;
;             |mpar_add:sub_par_add|             ; 6 (0)             ; 0 (0)        ; 0           ; 0            ; 0       ; 0         ; 0    ; 0            ; |vga|lpm_mult:Mult0|multcore:mult_core|mpar_add:padder|mpar_add:sub_par_add                                                 ; work         ;
;                |lpm_add_sub:adder[0]|          ; 6 (0)             ; 0 (0)        ; 0           ; 0            ; 0       ; 0         ; 0    ; 0            ; |vga|lpm_mult:Mult0|multcore:mult_core|mpar_add:padder|mpar_add:sub_par_add|lpm_add_sub:adder[0]                            ; work         ;
;                   |add_sub_9ch:auto_generated| ; 6 (6)             ; 0 (0)        ; 0           ; 0            ; 0       ; 0         ; 0    ; 0            ; |vga|lpm_mult:Mult0|multcore:mult_core|mpar_add:padder|mpar_add:sub_par_add|lpm_add_sub:adder[0]|add_sub_9ch:auto_generated ; work         ;
;    |vga_sync_:teste|                           ; 50 (50)           ; 22 (22)      ; 0           ; 0            ; 0       ; 0         ; 0    ; 0            ; |vga|vga_sync_:teste                                                                                                        ; work         ;
+------------------------------------------------+-------------------+--------------+-------------+--------------+---------+-----------+------+--------------+-----------------------------------------------------------------------------------------------------------------------------+--------------+
Note: For table entries with two numbers listed, the numbers in parentheses indicate the number of resources of the given type used by the specific entity alone. The numbers listed outside of parentheses indicate the total resources of the given type used by the specific entity and all of its sub-entities in the hierarchy.


+---------------------------------------------------------------------------------------------------------------------------------------------------------------------------------------+
; Analysis & Synthesis RAM Summary                                                                                                                                                      ;
+----------------------------------------------------------------------------------+------+-------------+--------------+--------------+--------------+--------------+--------+----------+
; Name                                                                             ; Type ; Mode        ; Port A Depth ; Port A Width ; Port B Depth ; Port B Width ; Size   ; MIF      ;
+----------------------------------------------------------------------------------+------+-------------+--------------+--------------+--------------+--------------+--------+----------+
; MEM:M1|altsyncram:altsyncram_component|altsyncram_p5c1:auto_generated|ALTSYNCRAM ; AUTO ; Single Port ; 422400       ; 1            ; --           ; --           ; 422400 ; tela.mif ;
+----------------------------------------------------------------------------------+------+-------------+--------------+--------------+--------------+--------------+--------+----------+


+-----------------------------------------------------------------------------------------------------------------------------+
; Analysis & Synthesis IP Cores Summary                                                                                       ;
+--------+--------------+---------+--------------+--------------+-----------------+-------------------------------------------+
; Vendor ; IP Core Name ; Version ; Release Date ; License Type ; Entity Instance ; IP Include File                           ;
+--------+--------------+---------+--------------+--------------+-----------------+-------------------------------------------+
; Altera ; RAM: 1-PORT  ; 13.0    ; N/A          ; N/A          ; |vga|MEM:M1     ; C:/Users/Vinicius/Downloads/OC2/TP2/MEM.v ;
+--------+--------------+---------+--------------+--------------+-----------------+-------------------------------------------+


+-------------------------------------------------------------+
; Registers Removed During Synthesis                          ;
+----------------------------------------+--------------------+
; Register name                          ; Reason for Removal ;
+----------------------------------------+--------------------+
; clockdiv:clk_50_to_25|q[1..16]         ; Lost fanout        ;
; Total Number of Removed Registers = 16 ;                    ;
+----------------------------------------+--------------------+


+------------------------------------------------------+
; General Register Statistics                          ;
+----------------------------------------------+-------+
; Statistic                                    ; Value ;
+----------------------------------------------+-------+
; Total registers                              ; 67    ;
; Number of registers using Synchronous Clear  ; 0     ;
; Number of registers using Synchronous Load   ; 0     ;
; Number of registers using Asynchronous Clear ; 0     ;
; Number of registers using Asynchronous Load  ; 0     ;
; Number of registers using Clock Enable       ; 0     ;
; Number of registers using Preset             ; 0     ;
+----------------------------------------------+-------+


+------------------------------------------------------------------------------------------------------------------------------------------------+
; Multiplexer Restructuring Statistics (Restructuring Performed)                                                                                 ;
+--------------------+-----------+---------------+----------------------+------------------------+------------+----------------------------------+
; Multiplexer Inputs ; Bus Width ; Baseline Area ; Area if Restructured ; Saving if Restructured ; Registered ; Example Multiplexer Output       ;
+--------------------+-----------+---------------+----------------------+------------------------+------------+----------------------------------+
; 3:1                ; 10 bits   ; 20 LEs        ; 10 LEs               ; 10 LEs                 ; Yes        ; |vga|vga_sync_:teste|CounterY[9] ;
+--------------------+-----------+---------------+----------------------+------------------------+------------+----------------------------------+


+----------------------------------------------------------------------------------------------+
; Source assignments for MEM:M1|altsyncram:altsyncram_component|altsyncram_p5c1:auto_generated ;
+---------------------------------+--------------------+------+--------------------------------+
; Assignment                      ; Value              ; From ; To                             ;
+---------------------------------+--------------------+------+--------------------------------+
; OPTIMIZE_POWER_DURING_SYNTHESIS ; NORMAL_COMPILATION ; -    ; -                              ;
+---------------------------------+--------------------+------+--------------------------------+


+-------------------------------------------------------------------------------------+
; Parameter Settings for User Entity Instance: MEM:M1|altsyncram:altsyncram_component ;
+------------------------------------+----------------------+-------------------------+
; Parameter Name                     ; Value                ; Type                    ;
+------------------------------------+----------------------+-------------------------+
; BYTE_SIZE_BLOCK                    ; 8                    ; Untyped                 ;
; AUTO_CARRY_CHAINS                  ; ON                   ; AUTO_CARRY              ;
; IGNORE_CARRY_BUFFERS               ; OFF                  ; IGNORE_CARRY            ;
; AUTO_CASCADE_CHAINS                ; ON                   ; AUTO_CASCADE            ;
; IGNORE_CASCADE_BUFFERS             ; OFF                  ; IGNORE_CASCADE          ;
; WIDTH_BYTEENA                      ; 1                    ; Untyped                 ;
; OPERATION_MODE                     ; SINGLE_PORT          ; Untyped                 ;
; WIDTH_A                            ; 1                    ; Signed Integer          ;
; WIDTHAD_A                          ; 19                   ; Signed Integer          ;
; NUMWORDS_A                         ; 422400               ; Signed Integer          ;
; OUTDATA_REG_A                      ; CLOCK0               ; Untyped                 ;
; ADDRESS_ACLR_A                     ; NONE                 ; Untyped                 ;
; OUTDATA_ACLR_A                     ; NONE                 ; Untyped                 ;
; WRCONTROL_ACLR_A                   ; NONE                 ; Untyped                 ;
; INDATA_ACLR_A                      ; NONE                 ; Untyped                 ;
; BYTEENA_ACLR_A                     ; NONE                 ; Untyped                 ;
; WIDTH_B                            ; 1                    ; Untyped                 ;
; WIDTHAD_B                          ; 1                    ; Untyped                 ;
; NUMWORDS_B                         ; 1                    ; Untyped                 ;
; INDATA_REG_B                       ; CLOCK1               ; Untyped                 ;
; WRCONTROL_WRADDRESS_REG_B          ; CLOCK1               ; Untyped                 ;
; RDCONTROL_REG_B                    ; CLOCK1               ; Untyped                 ;
; ADDRESS_REG_B                      ; CLOCK1               ; Untyped                 ;
; OUTDATA_REG_B                      ; UNREGISTERED         ; Untyped                 ;
; BYTEENA_REG_B                      ; CLOCK1               ; Untyped                 ;
; INDATA_ACLR_B                      ; NONE                 ; Untyped                 ;
; WRCONTROL_ACLR_B                   ; NONE                 ; Untyped                 ;
; ADDRESS_ACLR_B                     ; NONE                 ; Untyped                 ;
; OUTDATA_ACLR_B                     ; NONE                 ; Untyped                 ;
; RDCONTROL_ACLR_B                   ; NONE                 ; Untyped                 ;
; BYTEENA_ACLR_B                     ; NONE                 ; Untyped                 ;
; WIDTH_BYTEENA_A                    ; 1                    ; Signed Integer          ;
; WIDTH_BYTEENA_B                    ; 1                    ; Untyped                 ;
; RAM_BLOCK_TYPE                     ; AUTO                 ; Untyped                 ;
; BYTE_SIZE                          ; 8                    ; Untyped                 ;
; READ_DURING_WRITE_MODE_MIXED_PORTS ; DONT_CARE            ; Untyped                 ;
; READ_DURING_WRITE_MODE_PORT_A      ; NEW_DATA_NO_NBE_READ ; Untyped                 ;
; READ_DURING_WRITE_MODE_PORT_B      ; NEW_DATA_NO_NBE_READ ; Untyped                 ;
; INIT_FILE                          ; tela.mif             ; Untyped                 ;
; INIT_FILE_LAYOUT                   ; PORT_A               ; Untyped                 ;
; MAXIMUM_DEPTH                      ; 0                    ; Untyped                 ;
; CLOCK_ENABLE_INPUT_A               ; BYPASS               ; Untyped                 ;
; CLOCK_ENABLE_INPUT_B               ; NORMAL               ; Untyped                 ;
; CLOCK_ENABLE_OUTPUT_A              ; BYPASS               ; Untyped                 ;
; CLOCK_ENABLE_OUTPUT_B              ; NORMAL               ; Untyped                 ;
; CLOCK_ENABLE_CORE_A                ; USE_INPUT_CLKEN      ; Untyped                 ;
; CLOCK_ENABLE_CORE_B                ; USE_INPUT_CLKEN      ; Untyped                 ;
; ENABLE_ECC                         ; FALSE                ; Untyped                 ;
; ECC_PIPELINE_STAGE_ENABLED         ; FALSE                ; Untyped                 ;
; WIDTH_ECCSTATUS                    ; 3                    ; Untyped                 ;
; DEVICE_FAMILY                      ; Cyclone II           ; Untyped                 ;
; CBXI_PARAMETER                     ; altsyncram_p5c1      ; Untyped                 ;
+------------------------------------+----------------------+-------------------------+
Note: In order to hide this table in the UI and the text report file, please set the "Show Parameter Settings in Synthesis Report" option in "Analysis and Synthesis Settings -> More Settings" to "Off".


+-----------------------------------------------------------------------------------+
; Parameter Settings for Inferred Entity Instance: lpm_mult:Mult0                   ;
+------------------------------------------------+------------+---------------------+
; Parameter Name                                 ; Value      ; Type                ;
+------------------------------------------------+------------+---------------------+
; AUTO_CARRY_CHAINS                              ; ON         ; AUTO_CARRY          ;
; IGNORE_CARRY_BUFFERS                           ; OFF        ; IGNORE_CARRY        ;
; AUTO_CASCADE_CHAINS                            ; ON         ; AUTO_CASCADE        ;
; IGNORE_CASCADE_BUFFERS                         ; OFF        ; IGNORE_CASCADE      ;
; LPM_WIDTHA                                     ; 10         ; Untyped             ;
; LPM_WIDTHB                                     ; 10         ; Untyped             ;
; LPM_WIDTHP                                     ; 20         ; Untyped             ;
; LPM_WIDTHR                                     ; 20         ; Untyped             ;
; LPM_WIDTHS                                     ; 1          ; Untyped             ;
; LPM_REPRESENTATION                             ; UNSIGNED   ; Untyped             ;
; LPM_PIPELINE                                   ; 0          ; Untyped             ;
; LATENCY                                        ; 0          ; Untyped             ;
; INPUT_A_IS_CONSTANT                            ; YES        ; Untyped             ;
; INPUT_B_IS_CONSTANT                            ; NO         ; Untyped             ;
; USE_EAB                                        ; OFF        ; Untyped             ;
; MAXIMIZE_SPEED                                 ; 6          ; Untyped             ;
; DEVICE_FAMILY                                  ; Cyclone II ; Untyped             ;
; CARRY_CHAIN                                    ; MANUAL     ; Untyped             ;
; APEX20K_TECHNOLOGY_MAPPER                      ; LUT        ; TECH_MAPPER_APEX20K ;
; DEDICATED_MULTIPLIER_CIRCUITRY                 ; AUTO       ; Untyped             ;
; DEDICATED_MULTIPLIER_MIN_INPUT_WIDTH_FOR_AUTO  ; 0          ; Untyped             ;
; DEDICATED_MULTIPLIER_MIN_OUTPUT_WIDTH_FOR_AUTO ; 0          ; Untyped             ;
; CBXI_PARAMETER                                 ; NOTHING    ; Untyped             ;
; INPUT_A_FIXED_VALUE                            ; Bx         ; Untyped             ;
; INPUT_B_FIXED_VALUE                            ; Bx         ; Untyped             ;
; USE_AHDL_IMPLEMENTATION                        ; OFF        ; Untyped             ;
+------------------------------------------------+------------+---------------------+
Note: In order to hide this table in the UI and the text report file, please set the "Show Parameter Settings in Synthesis Report" option in "Analysis and Synthesis Settings -> More Settings" to "Off".


+------------------------------------------------------------------------------------+
; altsyncram Parameter Settings by Entity Instance                                   ;
+-------------------------------------------+----------------------------------------+
; Name                                      ; Value                                  ;
+-------------------------------------------+----------------------------------------+
; Number of entity instances                ; 1                                      ;
; Entity Instance                           ; MEM:M1|altsyncram:altsyncram_component ;
;     -- OPERATION_MODE                     ; SINGLE_PORT                            ;
;     -- WIDTH_A                            ; 1                                      ;
;     -- NUMWORDS_A                         ; 422400                                 ;
;     -- OUTDATA_REG_A                      ; CLOCK0                                 ;
;     -- WIDTH_B                            ; 1                                      ;
;     -- NUMWORDS_B                         ; 1                                      ;
;     -- ADDRESS_REG_B                      ; CLOCK1                                 ;
;     -- OUTDATA_REG_B                      ; UNREGISTERED                           ;
;     -- RAM_BLOCK_TYPE                     ; AUTO                                   ;
;     -- READ_DURING_WRITE_MODE_MIXED_PORTS ; DONT_CARE                              ;
+-------------------------------------------+----------------------------------------+


+--------------------------------------------------------+
; lpm_mult Parameter Settings by Entity Instance         ;
+---------------------------------------+----------------+
; Name                                  ; Value          ;
+---------------------------------------+----------------+
; Number of entity instances            ; 1              ;
; Entity Instance                       ; lpm_mult:Mult0 ;
;     -- LPM_WIDTHA                     ; 10             ;
;     -- LPM_WIDTHB                     ; 10             ;
;     -- LPM_WIDTHP                     ; 20             ;
;     -- LPM_REPRESENTATION             ; UNSIGNED       ;
;     -- INPUT_A_IS_CONSTANT            ; YES            ;
;     -- INPUT_B_IS_CONSTANT            ; NO             ;
;     -- USE_EAB                        ; OFF            ;
;     -- DEDICATED_MULTIPLIER_CIRCUITRY ; AUTO           ;
;     -- INPUT_A_FIXED_VALUE            ; Bx             ;
;     -- INPUT_B_FIXED_VALUE            ; Bx             ;
+---------------------------------------+----------------+


+------------------------------------------------------------------------------------------------------------------------------------------------------------------------------------------------------------------+
; Port Connectivity Checks: "MEM:M1"                                                                                                                                                                               ;
+----------+-------+----------+------------------------------------------------------------------------------------------------------------------------------------------------------------------------------------+
; Port     ; Type  ; Severity ; Details                                                                                                                                                                            ;
+----------+-------+----------+------------------------------------------------------------------------------------------------------------------------------------------------------------------------------------+
; data     ; Input ; Warning  ; Input port expression (10 bits) is wider than the input port (1 bits) it drives.  The 9 most-significant bit(s) in the expression will be dangling if they have no other fanouts.  ;
; data[0]  ; Input ; Info     ; Stuck at GND                                                                                                                                                                       ;
; wren     ; Input ; Warning  ; Input port expression (32 bits) is wider than the input port (1 bits) it drives.  The 31 most-significant bit(s) in the expression will be dangling if they have no other fanouts. ;
; wren[-1] ; Input ; Info     ; Stuck at GND                                                                                                                                                                       ;
+----------+-------+----------+------------------------------------------------------------------------------------------------------------------------------------------------------------------------------------+


+-------------------------------+
; Elapsed Time Per Partition    ;
+----------------+--------------+
; Partition Name ; Elapsed Time ;
+----------------+--------------+
; Top            ; 00:00:05     ;
+----------------+--------------+


+-------------------------------+
; Analysis & Synthesis Messages ;
+-------------------------------+
Info: *******************************************************************
Info: Running Quartus II 32-bit Analysis & Synthesis
    Info: Version 13.0.1 Build 232 06/12/2013 Service Pack 1 SJ Web Edition
    Info: Processing started: Sun Oct 05 17:35:30 2014
Info: Command: quartus_map --read_settings_files=on --write_settings_files=off vga -c vga
Warning (20028): Parallel compilation is not licensed and has been disabled
Info (12021): Found 1 design units, including 1 entities, in source file mem.v
    Info (12023): Found entity 1: MEM
Warning (12125): Using design file vga.v, which is not specified as a design file for the current project, but contains definitions for 3 design units and 3 entities in project
    Info (12023): Found entity 1: clockdiv
    Info (12023): Found entity 2: vga_sync_
    Info (12023): Found entity 3: vga
Info (12127): Elaborating entity "vga" for the top level hierarchy
Warning (10230): Verilog HDL assignment warning at vga.v(76): truncated value with size 32 to match size of target (19)
Info (12128): Elaborating entity "clockdiv" for hierarchy "clockdiv:clk_50_to_25"
Warning (10230): Verilog HDL assignment warning at vga.v(14): truncated value with size 32 to match size of target (17)
Info (12128): Elaborating entity "vga_sync_" for hierarchy "vga_sync_:teste"
Warning (10230): Verilog HDL assignment warning at vga.v(34): truncated value with size 32 to match size of target (10)
Warning (10230): Verilog HDL assignment warning at vga.v(36): truncated value with size 32 to match size of target (10)
Info (12128): Elaborating entity "MEM" for hierarchy "MEM:M1"
Info (12128): Elaborating entity "altsyncram" for hierarchy "MEM:M1|altsyncram:altsyncram_component"
Info (12130): Elaborated megafunction instantiation "MEM:M1|altsyncram:altsyncram_component"
Info (12133): Instantiated megafunction "MEM:M1|altsyncram:altsyncram_component" with the following parameter:
    Info (12134): Parameter "clock_enable_input_a" = "BYPASS"
    Info (12134): Parameter "clock_enable_output_a" = "BYPASS"
    Info (12134): Parameter "init_file" = "tela.mif"
    Info (12134): Parameter "intended_device_family" = "Cyclone II"
    Info (12134): Parameter "lpm_hint" = "ENABLE_RUNTIME_MOD=NO"
    Info (12134): Parameter "lpm_type" = "altsyncram"
    Info (12134): Parameter "numwords_a" = "422400"
    Info (12134): Parameter "operation_mode" = "SINGLE_PORT"
    Info (12134): Parameter "outdata_aclr_a" = "NONE"
    Info (12134): Parameter "outdata_reg_a" = "CLOCK0"
    Info (12134): Parameter "power_up_uninitialized" = "FALSE"
    Info (12134): Parameter "widthad_a" = "19"
    Info (12134): Parameter "width_a" = "1"
    Info (12134): Parameter "width_byteena_a" = "1"
Info (12021): Found 1 design units, including 1 entities, in source file db/altsyncram_p5c1.tdf
    Info (12023): Found entity 1: altsyncram_p5c1
Info (12128): Elaborating entity "altsyncram_p5c1" for hierarchy "MEM:M1|altsyncram:altsyncram_component|altsyncram_p5c1:auto_generated"
Info (12021): Found 1 design units, including 1 entities, in source file db/decode_ara.tdf
    Info (12023): Found entity 1: decode_ara
Info (12128): Elaborating entity "decode_ara" for hierarchy "MEM:M1|altsyncram:altsyncram_component|altsyncram_p5c1:auto_generated|decode_ara:decode3"
Info (12128): Elaborating entity "decode_ara" for hierarchy "MEM:M1|altsyncram:altsyncram_component|altsyncram_p5c1:auto_generated|decode_ara:deep_decode"
Info (12021): Found 1 design units, including 1 entities, in source file db/mux_jlb.tdf
    Info (12023): Found entity 1: mux_jlb
Info (12128): Elaborating entity "mux_jlb" for hierarchy "MEM:M1|altsyncram:altsyncram_component|altsyncram_p5c1:auto_generated|mux_jlb:mux2"
Info (278001): Inferred 1 megafunctions from design logic
    Info (278003): Inferred multiplier megafunction ("lpm_mult") from the following logic: "Mult0"
Info (12130): Elaborated megafunction instantiation "lpm_mult:Mult0"
Info (12133): Instantiated megafunction "lpm_mult:Mult0" with the following parameter:
    Info (12134): Parameter "LPM_WIDTHA" = "10"
    Info (12134): Parameter "LPM_WIDTHB" = "10"
    Info (12134): Parameter "LPM_WIDTHP" = "20"
    Info (12134): Parameter "LPM_WIDTHR" = "20"
    Info (12134): Parameter "LPM_WIDTHS" = "1"
    Info (12134): Parameter "LPM_REPRESENTATION" = "UNSIGNED"
    Info (12134): Parameter "INPUT_A_IS_CONSTANT" = "YES"
    Info (12134): Parameter "INPUT_B_IS_CONSTANT" = "NO"
    Info (12134): Parameter "MAXIMIZE_SPEED" = "6"
Info (12131): Elaborated megafunction instantiation "lpm_mult:Mult0|multcore:mult_core", which is child of megafunction instantiation "lpm_mult:Mult0"
Info (12131): Elaborated megafunction instantiation "lpm_mult:Mult0|multcore:mult_core|mpar_add:padder", which is child of megafunction instantiation "lpm_mult:Mult0"
Info (12131): Elaborated megafunction instantiation "lpm_mult:Mult0|multcore:mult_core|mpar_add:padder|lpm_add_sub:adder[0]", which is child of megafunction instantiation "lpm_mult:Mult0"
Info (12021): Found 1 design units, including 1 entities, in source file db/add_sub_5ch.tdf
    Info (12023): Found entity 1: add_sub_5ch
Info (12131): Elaborated megafunction instantiation "lpm_mult:Mult0|multcore:mult_core|mpar_add:padder|mpar_add:sub_par_add", which is child of megafunction instantiation "lpm_mult:Mult0"
Info (12131): Elaborated megafunction instantiation "lpm_mult:Mult0|multcore:mult_core|mpar_add:padder|mpar_add:sub_par_add|lpm_add_sub:adder[0]", which is child of megafunction instantiation "lpm_mult:Mult0"
Info (12021): Found 1 design units, including 1 entities, in source file db/add_sub_9ch.tdf
    Info (12023): Found entity 1: add_sub_9ch
Info (12131): Elaborated megafunction instantiation "lpm_mult:Mult0|altshift:external_latency_ffs", which is child of megafunction instantiation "lpm_mult:Mult0"
Warning (12241): 1 hierarchies have connectivity warnings - see the Connectivity Checks report folder
Warning (13024): Output pins are stuck at VCC or GND
    Warning (13410): Pin "VGA_SYNC" is stuck at GND
Info (17049): 16 registers lost all their fanouts during netlist optimizations.
Info (16010): Generating hard_block partition "hard_block:auto_generated_inst"
    Info (16011): Adding 0 node(s), including 0 DDIO, 0 PLL, 0 transceiver and 0 LCELL
Info (21057): Implemented 508 device resources after synthesis - the final resource count might be different
    Info (21058): Implemented 1 input pins
    Info (21059): Implemented 54 output pins
    Info (21061): Implemented 349 logic cells
    Info (21064): Implemented 104 RAM segments
Info: Quartus II 32-bit Analysis & Synthesis was successful. 0 errors, 9 warnings
    Info: Peak virtual memory: 376 megabytes
    Info: Processing ended: Sun Oct 05 17:35:43 2014
    Info: Elapsed time: 00:00:13
    Info: Total CPU time (on all processors): 00:00:12


